<?xml version="1.0" encoding="UTF-8"?>
<!-- Generated by org.testng.reporters.JUnitReportReporter -->
<testsuite hostname="M4L-FAC-SUNIL" name="DemoTestng.Demo1" tests="2" failures="0" timestamp="24 May 2019 05:40:35 GMT" time="0.017" errors="0">
  <testcase name="Testcase1" time="0.012" classname="DemoTestng.Demo1"/>
  <testcase name="Testcase2" time="0.005" classname="DemoTestng.Demo1"/>
</testsuite> <!-- DemoTestng.Demo1 -->
