<?xml version="1.0" encoding="UTF-8"?>
<!-- Generated by org.testng.reporters.JUnitReportReporter -->
<testsuite hostname="M4L-FAC-SUNIL" name="DemoTestng.Demo7" tests="2" failures="0" timestamp="28 May 2019 04:50:15 GMT" time="0.021" errors="0">
  <testcase name="Test2" time="0.002" classname="DemoTestng.Demo7"/>
  <testcase name="Test1" time="0.019" classname="DemoTestng.Demo7"/>
</testsuite> <!-- DemoTestng.Demo7 -->
