<?xml version="1.0" encoding="UTF-8"?>
<!-- Generated by org.testng.reporters.JUnitReportReporter -->
<testsuite hostname="M4L-FAC-SUNIL" name="DemoTestng.Demo9" tests="2" failures="0" timestamp="29 May 2019 04:30:53 GMT" time="17.884" errors="0">
  <testcase name="Testcase" time="7.871" classname="DemoTestng.Demo9"/>
  <testcase name="Testcase" time="10.013" classname="DemoTestng.Demo9"/>
</testsuite> <!-- DemoTestng.Demo9 -->
