<?xml version="1.0" encoding="UTF-8"?>
<!-- Generated by org.testng.reporters.JUnitReportReporter -->
<testsuite hostname="M4L-FAC-SUNIL" name="DemoTestng.Demo8" tests="6" failures="0" timestamp="28 May 2019 05:13:48 GMT" time="0.053" errors="0">
  <testcase name="Test2" time="0.004" classname="DemoTestng.Demo8"/>
  <testcase name="Test2" time="0.007" classname="DemoTestng.Demo8"/>
  <testcase name="Test3" time="0.002" classname="DemoTestng.Demo8"/>
  <testcase name="Test1" time="0.017" classname="DemoTestng.Demo8"/>
  <testcase name="Test1" time="0.017" classname="DemoTestng.Demo8"/>
  <testcase name="Test3" time="0.006" classname="DemoTestng.Demo8"/>
</testsuite> <!-- DemoTestng.Demo8 -->
