<?xml version="1.0" encoding="UTF-8"?>
<!-- Generated by org.testng.reporters.JUnitReportReporter -->
<testsuite hostname="M4L-FAC-SUNIL" name="DemoTestng.Demo19" tests="1" failures="0" timestamp="29 May 2019 05:16:12 GMT" time="13.780" errors="0">
  <testcase name="testcase1" time="13.780" classname="DemoTestng.Demo19"/>
</testsuite> <!-- DemoTestng.Demo19 -->
