<?xml version="1.0" encoding="UTF-8"?>
<!-- Generated by org.testng.reporters.JUnitReportReporter -->
<testsuite hostname="M4L-FAC-SUNIL" name="DemoTestng.Demo2" tests="1" failures="0" timestamp="24 May 2019 05:17:25 GMT" time="0.013" errors="0">
  <testcase name="testcase3" time="0.013" classname="DemoTestng.Demo2"/>
</testsuite> <!-- DemoTestng.Demo2 -->
