<?xml version="1.0" encoding="UTF-8"?>
<!-- Generated by org.testng.reporters.JUnitReportReporter -->
<testsuite hostname="M4L-FAC-SUNIL" name="DemoTestng.Dataprovider" tests="2" failures="0" timestamp="27 May 2019 04:56:19 GMT" time="16.853" errors="0">
  <testcase name="f" time="8.714" classname="DemoTestng.Dataprovider"/>
  <testcase name="f" time="8.139" classname="DemoTestng.Dataprovider"/>
</testsuite> <!-- DemoTestng.Dataprovider -->
