<?xml version="1.0" encoding="UTF-8"?>
<!-- Generated by org.testng.reporters.JUnitReportReporter -->
<testsuite hostname="M4L-FAC-SUNIL" name="DemoTestng.Demo5" tests="3" failures="0" timestamp="28 May 2019 04:25:11 GMT" time="21.619" errors="0">
  <testcase name="launch" time="12.378" classname="DemoTestng.Demo5"/>
  <testcase name="end" time="0.370" classname="DemoTestng.Demo5"/>
  <testcase name="testcase" time="8.871" classname="DemoTestng.Demo5"/>
</testsuite> <!-- DemoTestng.Demo5 -->
